<?xml version="1.0" encoding="UTF-8"?>
<!-- Generated by org.testng.reporters.JUnitXMLReporter -->
<testsuite ignored="0" hostname="DESKTOP-VQN1EHS" failures="0" tests="4" name="Test" time="6.476" errors="0" timestamp="2026-05-08T22:12:44 IST">
  <testcase classname="ecommerce.LoginToApp" name="loginToApplication" time="2.46"/>
  <testcase classname="ecommerce.AddProductRequest" name="addProductToSite" time="3.214"/>
  <testcase classname="ecommerce.PlaceOrderRequest" name="placeOrder" time="0.419"/>
  <testcase classname="ecommerce.DeleteProduct" name="deleteProduct" time="0.322"/>
</testsuite> <!-- Test -->
